<?xml version="1.0" encoding="UTF-8"?>
<testng-results skipped="0" failed="0" ignored="0" total="2" passed="2">
  <reporter-output>
  </reporter-output>
  <suite name="Default suite" duration-ms="12985" started-at="2018-08-17T20:12:10Z" finished-at="2018-08-17T20:12:23Z">
    <groups>
    </groups>
    <test name="Default test" duration-ms="12985" started-at="2018-08-17T20:12:10Z" finished-at="2018-08-17T20:12:23Z">
      <class name="com.revature.pom.Driver2">
        <test-method status="PASS" signature="verifyValidLogin()[pri:0, instance:com.revature.pom.Driver2@475530b9]" name="verifyValidLogin" duration-ms="6635" started-at="2018-08-17T20:12:10Z" finished-at="2018-08-17T20:12:16Z">
          <reporter-output>
          </reporter-output>
        </test-method> <!-- verifyValidLogin -->
        <test-method status="PASS" signature="verifyLocationsPage()[pri:2, instance:com.revature.pom.Driver2@475530b9]" name="verifyLocationsPage" duration-ms="6298" started-at="2018-08-17T20:12:16Z" finished-at="2018-08-17T20:12:23Z">
          <reporter-output>
          </reporter-output>
        </test-method> <!-- verifyLocationsPage -->
      </class> <!-- com.revature.pom.Driver2 -->
    </test> <!-- Default test -->
  </suite> <!-- Default suite -->
</testng-results>
