<?xml version="1.0" encoding="UTF-8"?>
<!-- Generated by org.testng.reporters.JUnitXMLReporter -->
<testsuite hostname="DESKTOP-DDSCK2F" ignored="0" name="Default test" tests="4" failures="0" timestamp="16 Aug 2018 16:44:28 GMT" time="21.484" errors="0">
  <testcase name="verifyValidLogin" time="7.249" classname="com.revature.pom.Driver2"/>
  <testcase name="verifyBatchesPage" time="6.695" classname="com.revature.pom.Driver2"/>
  <testcase name="verifyLocationsPage" time="3.052" classname="com.revature.pom.Driver2"/>
  <testcase name="logout" time="4.426" classname="com.revature.pom.Driver2"/>
</testsuite> <!-- Default test -->
